<?xml version="1.0" encoding="utf-8"?>
<coverage line-rate="0.6112" branch-rate="0.5567" version="1.9" timestamp="1784827491" lines-covered="1401" lines-valid="2292" branches-covered="476" branches-valid="855">
  <sources>
    <source>/home/duncan/RiderProjects/gud/</source>
  </sources>
  <packages>
    <package name="gud.Core" line-rate="0.7097" branch-rate="0.6341" complexity="698">
      <classes>
        <class name="gud.Core.Utilities.GudRepository" filename="gud.Core/Utilities/GudRepository.cs" line-rate="0.6111" branch-rate="0.5" complexity="8">
          <methods>
            <method name="FindRoot" signature="(System.String)" line-rate="1" branch-rate="1" complexity="4">
              <lines>
                <line number="20" hits="237" branch="False" />
                <line number="21" hits="237" branch="False" />
                <line number="22" hits="240" branch="True" condition-coverage="100% (2/2)">
                  <conditions>
                    <condition number="60" type="jump" coverage="100%" />
                  </conditions>
                </line>
                <line number="23" hits="239" branch="False" />
                <line number="24" hits="239" branch="True" condition-coverage="100% (2/2)">
                  <conditions>
                    <condition number="34" type="jump" coverage="100%" />
                  </conditions>
                </line>
                <line number="25" hits="236" branch="False" />
                <line number="26" hits="236" branch="False" />
                <line number="29" hits="3" branch="False" />
                <line number="30" hits="3" branch="False" />
                <line number="32" hits="1" branch="False" />
                <line number="33" hits="237" branch="False" />
              </lines>
            </method>
            <method name="Exists" signature="(System.String)" line-rate="0" branch-rate="0" complexity="4">
              <lines>
                <line number="66" hits="0" branch="False" />
                <line number="67" hits="0" branch="False" />
                <line number="68" hits="0" branch="True" condition-coverage="0% (0/2)">
                  <conditions>
                    <condition number="16" type="jump" coverage="0%" />
                  </conditions>
                </line>
                <line number="69" hits="0" branch="False" />
                <line number="70" hits="0" branch="True" condition-coverage="0% (0/2)">
                  <conditions>
                    <condition number="43" type="jump" coverage="0%" />
                  </conditions>
                </line>
                <line number="71" hits="0" branch="False" />
                <line number="72" hits="0" branch="False" />
              </lines>
            </method>
          </methods>
          <lines>
            <line number="20" hits="237" branch="False" />
            <line number="21" hits="237" branch="False" />
            <line number="22" hits="240" branch="True" condition-coverage="100% (2/2)">
              <conditions>
                <condition number="60" type="jump" coverage="100%" />
              </conditions>
            </line>
            <line number="23" hits="239" branch="False" />
            <line number="24" hits="239" branch="True" condition-coverage="100% (2/2)">
              <conditions>
                <condition number="34" type="jump" coverage="100%" />
              </conditions>
            </line>
            <line number="25" hits="236" branch="False" />
            <line number="26" hits="236" branch="False" />
            <line number="29" hits="3" branch="False" />
            <line number="30" hits="3" branch="False" />
            <line number="32" hits="1" branch="False" />
            <line number="33" hits="237" branch="False" />
            <line number="66" hits="0" branch="False" />
            <line number="67" hits="0" branch="False" />
            <line number="68" hits="0" branch="True" condition-coverage="0% (0/2)">
              <conditions>
                <condition number="16" type="jump" coverage="0%" />
              </conditions>
            </line>
            <line number="69" hits="0" branch="False" />
            <line number="70" hits="0" branch="True" condition-coverage="0% (0/2)">
              <conditions>
                <condition number="43" type="jump" coverage="0%" />
              </conditions>
            </line>
            <line number="71" hits="0" branch="False" />
            <line number="72" hits="0" branch="False" />
          </lines>
        </class>
        <class name="gud.Core.Utilities.GudRepository/&lt;CreateAsync&gt;d__2" filename="gud.Core/Utilities/GudRepository.cs" line-rate="0.9229999999999999" branch-rate="0.6666" complexity="6">
          <methods>
            <method name="MoveNext" signature="()" line-rate="0.9229999999999999" branch-rate="0.6666" complexity="6">
              <lines>
                <line number="48" hits="40" branch="False" />
                <line number="49" hits="40" branch="False" />
                <line number="50" hits="40" branch="True" condition-coverage="50% (1/2)">
                  <conditions>
                    <condition number="48" type="jump" coverage="50%" />
                  </conditions>
                </line>
                <line number="51" hits="0" branch="False" />
                <line number="52" hits="40" branch="True" condition-coverage="50% (1/2)">
                  <conditions>
                    <condition number="90" type="jump" coverage="50%" />
                  </conditions>
                </line>
                <line number="53" hits="40" branch="True" condition-coverage="100% (2/2)">
                  <conditions>
                    <condition number="151" type="jump" coverage="100%" />
                  </conditions>
                </line>
                <line number="54" hits="1" branch="False" />
                <line number="55" hits="1" branch="False" />
                <line number="58" hits="39" branch="False" />
                <line number="59" hits="39" branch="False" />
                <line number="61" hits="39" branch="False" />
                <line number="62" hits="39" branch="False" />
                <line number="63" hits="39" branch="False" />
              </lines>
            </method>
          </methods>
          <lines>
            <line number="48" hits="40" branch="False" />
            <line number="49" hits="40" branch="False" />
            <line number="50" hits="40" branch="True" condition-coverage="50% (1/2)">
              <conditions>
                <condition number="48" type="jump" coverage="50%" />
              </conditions>
            </line>
            <line number="51" hits="0" branch="False" />
            <line number="52" hits="40" branch="True" condition-coverage="50% (1/2)">
              <conditions>
                <condition number="90" type="jump" coverage="50%" />
              </conditions>
            </line>
            <line number="53" hits="40" branch="True" condition-coverage="100% (2/2)">
              <conditions>
                <condition number="151" type="jump" coverage="100%" />
              </conditions>
            </line>
            <line number="54" hits="1" branch="False" />
            <line number="55" hits="1" branch="False" />
            <line number="58" hits="39" branch="False" />
            <line number="59" hits="39" branch="False" />
            <line number="61" hits="39" branch="False" />
            <line number="62" hits="39" branch="False" />
            <line number="63" hits="39" branch="False" />
          </lines>
        </class>
        <class name="gud.Core.Utilities.MergeState" filename="gud.Core/Utilities/MergeState.cs" line-rate="0.96" branch-rate="0.6428" complexity="16">
          <methods>
            <method name="get_IsInProgress" signature="()" line-rate="1" branch-rate="1" complexity="1">
              <lines>
                <line number="12" hits="89" branch="False" />
              </lines>
            </method>
            <method name="ReadMergeHead" signature="()" line-rate="1" branch-rate="0.5" complexity="2">
              <lines>
                <line number="15" hits="1" branch="True" condition-coverage="50% (1/2)">
                  <conditions>
                    <condition number="11" type="jump" coverage="50%" />
                  </conditions>
                </line>
              </lines>
            </method>
            <method name="ReadMergeMessage" signature="()" line-rate="0" branch-rate="0" complexity="2">
              <lines>
                <line number="18" hits="0" branch="True" condition-coverage="0% (0/2)">
                  <conditions>
                    <condition number="11" type="jump" coverage="0%" />
                  </conditions>
                </line>
              </lines>
            </method>
            <method name="ReadConflicts" signature="()" line-rate="1" branch-rate="0.5" complexity="2">
              <lines>
                <line number="21" hits="1" branch="False" />
                <line number="22" hits="1" branch="True" condition-coverage="50% (1/2)">
                  <conditions>
                    <condition number="17" type="jump" coverage="50%" />
                  </conditions>
                </line>
                <line number="23" hits="1" branch="False" />
                <line number="24" hits="1" branch="False" />
                <line number="25" hits="1" branch="False" />
                <line number="26" hits="1" branch="False" />
                <line number="27" hits="1" branch="False" />
              </lines>
            </method>
            <method name="Write" signature="(System.String,System.String,System.Collections.Generic.IEnumerable`1&lt;System.String&gt;)" line-rate="1" branch-rate="0.5" complexity="2">
              <lines>
                <line number="30" hits="5" branch="False" />
                <line number="31" hits="5" branch="False" />
                <line number="32" hits="5" branch="False" />
                <line number="33" hits="5" branch="False" />
                <line number="34" hits="5" branch="True" condition-coverage="50% (1/2)">
                  <conditions>
                    <condition number="93" type="jump" coverage="50%" />
                  </conditions>
                </line>
                <line number="35" hits="5" branch="False" />
              </lines>
            </method>
            <method name="Clear" signature="()" line-rate="1" branch-rate="1" complexity="6">
              <lines>
                <line number="38" hits="2" branch="False" />
                <line number="39" hits="4" branch="True" condition-coverage="100% (2/2)">
                  <conditions>
                    <condition number="14" type="jump" coverage="100%" />
                  </conditions>
                </line>
                <line number="40" hits="4" branch="True" condition-coverage="100% (2/2)">
                  <conditions>
                    <condition number="41" type="jump" coverage="100%" />
                  </conditions>
                </line>
                <line number="41" hits="4" branch="True" condition-coverage="100% (2/2)">
                  <conditions>
                    <condition number="68" type="jump" coverage="100%" />
                  </conditions>
                </line>
                <line number="42" hits="2" branch="False" />
              </lines>
            </method>
            <method name=".ctor" signature="(System.String)" line-rate="1" branch-rate="1" complexity="1">
              <lines>
                <line number="6" hits="89" branch="False" />
                <line number="8" hits="89" branch="False" />
                <line number="9" hits="89" branch="False" />
                <line number="10" hits="89" branch="False" />
              </lines>
            </method>
          </methods>
          <lines>
            <line number="12" hits="89" branch="False" />
            <line number="15" hits="1" branch="True" condition-coverage="50% (1/2)">
              <conditions>
                <condition number="11" type="jump" coverage="50%" />
              </conditions>
            </line>
            <line number="18" hits="0" branch="True" condition-coverage="0% (0/2)">
              <conditions>
                <condition number="11" type="jump" coverage="0%" />
              </conditions>
            </line>
            <line number="21" hits="1" branch="False" />
            <line number="22" hits="1" branch="True" condition-coverage="50% (1/2)">
              <conditions>
                <condition number="17" type="jump" coverage="50%" />
              </conditions>
            </line>
            <line number="23" hits="1" branch="False" />
            <line number="24" hits="1" branch="False" />
            <line number="25" hits="1" branch="False" />
            <line number="26" hits="1" branch="False" />
            <line number="27" hits="1" branch="False" />
            <line number="30" hits="5" branch="False" />
            <line number="31" hits="5" branch="False" />
            <line number="32" hits="5" branch="False" />
            <line number="33" hits="5" branch="False" />
            <line number="34" hits="5" branch="True" condition-coverage="50% (1/2)">
              <conditions>
                <condition number="93" type="jump" coverage="50%" />
              </conditions>
            </line>
            <line number="35" hits="5" branch="False" />
            <line number="38" hits="2" branch="False" />
            <line number="39" hits="4" branch="True" condition-coverage="100% (2/2)">
              <conditions>
                <condition number="14" type="jump" coverage="100%" />
              </conditions>
            </line>
            <line number="40" hits="4" branch="True" condition-coverage="100% (2/2)">
              <conditions>
                <condition number="41" type="jump" coverage="100%" />
              </conditions>
            </line>
            <line number="41" hits="4" branch="True" condition-coverage="100% (2/2)">
              <conditions>
                <condition number="68" type="jump" coverage="100%" />
              </conditions>
            </line>
            <line number="42" hits="2" branch="False" />
            <line number="6" hits="89" branch="False" />
            <line number="8" hits="89" branch="False" />
            <line number="9" hits="89" branch="False" />
            <line number="10" hits="89" branch="False" />
          </lines>
        </class>
        <class name="gud.Core.Utilities.MyersDiff" filename="gud.Core/Utilities/MyersDiff.cs" line-rate="0.9833" branch-rate="0.9736" complexity="38">
          <methods>
            <method name="Compute" signature="(System.String[],System.String[])" line-rate="0.9666" branch-rate="0.95" complexity="20">
              <lines>
                <line number="33" hits="28" branch="False" />
                <line number="34" hits="56" branch="False" />
                <line number="35" hits="28" branch="False" />
                <line number="36" hits="28" branch="False" />
                <line number="37" hits="28" branch="False" />
                <line number="39" hits="154" branch="True" condition-coverage="50% (1/2)">
                  <conditions>
                    <condition number="295" type="jump" coverage="50%" />
                  </conditions>
                </line>
                <line number="40" hits="77" branch="False" />
                <line number="41" hits="77" branch="False" />
                <line number="42" hits="340" branch="True" condition-coverage="100% (2/2)">
                  <conditions>
                    <condition number="271" type="jump" coverage="100%" />
                  </conditions>
                </line>
                <line number="43" hits="121" branch="False" />
                <line number="45" hits="121" branch="True" condition-coverage="100% (6/6)">
                  <conditions>
                    <condition number="74" type="jump" coverage="100%" />
                    <condition number="80" type="jump" coverage="100%" />
                    <condition number="114" type="jump" coverage="100%" />
                  </conditions>
                </line>
                <line number="46" hits="98" branch="False" />
                <line number="47" hits="98" branch="False" />
                <line number="48" hits="98" branch="False" />
                <line number="50" hits="23" branch="False" />
                <line number="51" hits="23" branch="False" />
                <line number="52" hits="23" branch="False" />
                <line number="54" hits="121" branch="False" />
                <line number="56" hits="181" branch="True" condition-coverage="100% (6/6)">
                  <conditions>
                    <condition number="201" type="jump" coverage="100%" />
                    <condition number="174" type="jump" coverage="100%" />
                    <condition number="179" type="jump" coverage="100%" />
                  </conditions>
                </line>
                <line number="57" hits="60" branch="False" />
                <line number="58" hits="60" branch="False" />
                <line number="59" hits="60" branch="False" />
                <line number="60" hits="60" branch="False" />
                <line number="62" hits="121" branch="False" />
                <line number="64" hits="121" branch="True" condition-coverage="100% (4/4)">
                  <conditions>
                    <condition number="217" type="jump" coverage="100%" />
                    <condition number="234" type="jump" coverage="100%" />
                  </conditions>
                </line>
                <line number="65" hits="28" branch="False" />
                <line number="66" hits="93" branch="False" />
                <line number="67" hits="49" branch="False" />
                <line number="69" hits="0" branch="False" />
                <line number="70" hits="28" branch="False" />
              </lines>
            </method>
            <method name="Backtrack" signature="(System.Collections.Generic.List`1&lt;System.Collections.Generic.Dictionary`2&lt;System.Int32,System.Int32&gt;&gt;,System.String[],System.String[],System.Int32)" line-rate="1" branch-rate="1" complexity="18">
              <lines>
                <line number="83" hits="28" branch="False" />
                <line number="84" hits="28" branch="False" />
                <line number="85" hits="56" branch="False" />
                <line number="87" hits="154" branch="True" condition-coverage="100% (2/2)">
                  <conditions>
                    <condition number="219" type="jump" coverage="100%" />
                  </conditions>
                </line>
                <line number="88" hits="49" branch="False" />
                <line number="89" hits="49" branch="False" />
                <line number="90" hits="49" branch="False" />
                <line number="91" hits="49" branch="True" condition-coverage="100% (6/6)">
                  <conditions>
                    <condition number="41" type="jump" coverage="100%" />
                    <condition number="46" type="jump" coverage="100%" />
                    <condition number="70" type="jump" coverage="100%" />
                  </conditions>
                </line>
                <line number="92" hits="49" branch="False" />
                <line number="93" hits="49" branch="False" />
                <line number="95" hits="84" branch="True" condition-coverage="100% (4/4)">
                  <conditions>
                    <condition number="149" type="jump" coverage="100%" />
                    <condition number="135" type="jump" coverage="100%" />
                  </conditions>
                </line>
                <line number="96" hits="35" branch="False" />
                <line number="97" hits="35" branch="False" />
                <line number="98" hits="35" branch="False" />
                <line number="99" hits="35" branch="False" />
                <line number="100" hits="35" branch="False" />
                <line number="102" hits="49" branch="True" condition-coverage="100% (2/2)">
                  <conditions>
                    <condition number="160" type="jump" coverage="100%" />
                  </conditions>
                </line>
                <line number="103" hits="26" branch="False" />
                <line number="105" hits="23" branch="False" />
                <line number="107" hits="49" branch="False" />
                <line number="108" hits="49" branch="False" />
                <line number="109" hits="49" branch="False" />
                <line number="111" hits="53" branch="True" condition-coverage="100% (4/4)">
                  <conditions>
                    <condition number="269" type="jump" coverage="100%" />
                    <condition number="256" type="jump" coverage="100%" />
                  </conditions>
                </line>
                <line number="112" hits="25" branch="False" />
                <line number="113" hits="25" branch="False" />
                <line number="114" hits="50" branch="False" />
                <line number="115" hits="25" branch="False" />
                <line number="117" hits="28" branch="False" />
                <line number="118" hits="28" branch="False" />
                <line number="119" hits="28" branch="False" />
              </lines>
            </method>
          </methods>
          <lines>
            <line number="33" hits="28" branch="False" />
            <line number="34" hits="56" branch="False" />
            <line number="35" hits="28" branch="False" />
            <line number="36" hits="28" branch="False" />
            <line number="37" hits="28" branch="False" />
            <line number="39" hits="154" branch="True" condition-coverage="50% (1/2)">
              <conditions>
                <condition number="295" type="jump" coverage="50%" />
              </conditions>
            </line>
            <line number="40" hits="77" branch="False" />
            <line number="41" hits="77" branch="False" />
            <line number="42" hits="340" branch="True" condition-coverage="100% (2/2)">
              <conditions>
                <condition number="271" type="jump" coverage="100%" />
              </conditions>
            </line>
            <line number="43" hits="121" branch="False" />
            <line number="45" hits="121" branch="True" condition-coverage="100% (6/6)">
              <conditions>
                <condition number="74" type="jump" coverage="100%" />
                <condition number="80" type="jump" coverage="100%" />
                <condition number="114" type="jump" coverage="100%" />
              </conditions>
            </line>
            <line number="46" hits="98" branch="False" />
            <line number="47" hits="98" branch="False" />
            <line number="48" hits="98" branch="False" />
            <line number="50" hits="23" branch="False" />
            <line number="51" hits="23" branch="False" />
            <line number="52" hits="23" branch="False" />
            <line number="54" hits="121" branch="False" />
            <line number="56" hits="181" branch="True" condition-coverage="100% (6/6)">
              <conditions>
                <condition number="201" type="jump" coverage="100%" />
                <condition number="174" type="jump" coverage="100%" />
                <condition number="179" type="jump" coverage="100%" />
              </conditions>
            </line>
            <line number="57" hits="60" branch="False" />
            <line number="58" hits="60" branch="False" />
            <line number="59" hits="60" branch="False" />
            <line number="60" hits="60" branch="False" />
            <line number="62" hits="121" branch="False" />
            <line number="64" hits="121" branch="True" condition-coverage="100% (4/4)">
              <conditions>
                <condition number="217" type="jump" coverage="100%" />
                <condition number="234" type="jump" coverage="100%" />
              </conditions>
            </line>
            <line number="65" hits="28" branch="False" />
            <line number="66" hits="93" branch="False" />
            <line number="67" hits="49" branch="False" />
            <line number="69" hits="0" branch="False" />
            <line number="70" hits="28" branch="False" />
            <line number="83" hits="28" branch="False" />
            <line number="84" hits="28" branch="False" />
            <line number="85" hits="56" branch="False" />
            <line number="87" hits="154" branch="True" condition-coverage="100% (2/2)">
              <conditions>
                <condition number="219" type="jump" coverage="100%" />
              </conditions>
            </line>
            <line number="88" hits="49" branch="False" />
            <line number="89" hits="49" branch="False" />
            <line number="90" hits="49" branch="False" />
            <line number="91" hits="49" branch="True" condition-coverage="100% (6/6)">
              <conditions>
                <condition number="41" type="jump" coverage="100%" />
                <condition number="46" type="jump" coverage="100%" />
                <condition number="70" type="jump" coverage="100%" />
              </conditions>
            </line>
            <line number="92" hits="49" branch="False" />
            <line number="93" hits="49" branch="False" />
            <line number="95" hits="84" branch="True" condition-coverage="100% (4/4)">
              <conditions>
                <condition number="149" type="jump" coverage="100%" />
                <condition number="135" type="jump" coverage="100%" />
              </conditions>
            </line>
            <line number="96" hits="35" branch="False" />
            <line number="97" hits="35" branch="False" />
            <line number="98" hits="35" branch="False" />
            <line number="99" hits="35" branch="False" />
            <line number="100" hits="35" branch="False" />
            <line number="102" hits="49" branch="True" condition-coverage="100% (2/2)">
              <conditions>
                <condition number="160" type="jump" coverage="100%" />
              </conditions>
            </line>
            <line number="103" hits="26" branch="False" />
            <line number="105" hits="23" branch="False" />
            <line number="107" hits="49" branch="False" />
            <line number="108" hits="49" branch="False" />
            <line number="109" hits="49" branch="False" />
            <line number="111" hits="53" branch="True" condition-coverage="100% (4/4)">
              <conditions>
                <condition number="269" type="jump" coverage="100%" />
                <condition number="256" type="jump" coverage="100%" />
              </conditions>
            </line>
            <line number="112" hits="25" branch="False" />
            <line number="113" hits="25" branch="False" />
            <line number="114" hits="50" branch="False" />
            <line number="115" hits="25" branch="False" />
            <line number="117" hits="28" branch="False" />
            <line number="118" hits="28" branch="False" />
            <line number="119" hits="28" branch="False" />
          </lines>
        </class>
        <class name="gud.Core.Utilities.DiffEdit" filename="gud.Core/Utilities/MyersDiff.cs" line-rate="1" branch-rate="1" complexity="1">
          <methods>
            <method name="get_Type" signature="()" line-rate="1" branch-rate="1" complexity="1">
              <lines>
                <line number="161" hits="346" branch="False" />
              </lines>
            </method>
          </methods>
          <lines>
            <line number="161" hits="346" branch="False" />
          </lines>
        </class>
        <class name="gud.Core.Utilities.ObjectHasher" filename="gud.Core/Utilities/ObjectHasher.cs" line-rate="1" branch-rate="1" complexity="2">
          <methods>
            <method name="ComputeHash" signature="(System.String,System.Byte[])" line-rate="1" branch-rate="1" complexity="1">
              <lines>
                <line number="19" hits="318" branch="False" />
                <line number="20" hits="318" branch="False" />
                <line number="21" hits="318" branch="False" />
                <line number="22" hits="318" branch="False" />
                <line number="23" hits="318" branch="False" />
                <line number="24" hits="318" branch="False" />
              </lines>
            </method>
            <method name="ComputeHeader" signature="(System.String,System.Int32)" line-rate="1" branch-rate="1" complexity="1">
              <lines>
                <line number="33" hits="318" branch="False" />
                <line number="34" hits="318" branch="False" />
                <line number="35" hits="318" branch="False" />
              </lines>
            </method>
          </methods>
          <lines>
            <line number="19" hits="318" branch="False" />
            <line number="20" hits="318" branch="False" />
            <line number="21" hits="318" branch="False" />
            <line number="22" hits="318" branch="False" />
            <line number="23" hits="318" branch="False" />
            <line number="24" hits="318" branch="False" />
            <line number="33" hits="318" branch="False" />
            <line number="34" hits="318" branch="False" />
            <line number="35" hits="318" branch="False" />
          </lines>
        </class>
        <class name="gud.Core.Utilities.ObjectResolver" filename="gud.Core/Utilities/ObjectResolver.cs" line-rate="0.34369999999999995" branch-rate="0.25" complexity="16">
          <methods>
            <method name="ResolveHash" signature="(System.String,System.String)" line-rate="0" branch-rate="0" complexity="10">
              <lines>
                <line number="6" hits="0" branch="False" />
                <line number="7" hits="0" branch="True" condition-coverage="0% (0/2)">
                  <conditions>
                    <condition number="19" type="jump" coverage="0%" />
                  </conditions>
                </line>
                <line number="8" hits="0" branch="True" condition-coverage="0% (0/2)">
                  <conditions>
                    <condition number="47" type="jump" coverage="0%" />
                  </conditions>
                </line>
                <line number="10" hits="0" branch="False" />
                <line number="11" hits="0" branch="False" />
                <line number="12" hits="0" branch="False" />
                <line number="14" hits="0" branch="True" condition-coverage="0% (0/2)">
                  <conditions>
                    <condition number="131" type="jump" coverage="0%" />
                  </conditions>
                </line>
                <line number="15" hits="0" branch="False" />
                <line number="17" hits="0" branch="False" />
                <line number="18" hits="0" branch="False" />
                <line number="19" hits="0" branch="False" />
                <line number="20" hits="0" branch="False" />
                <line number="21" hits="0" branch="False" />
                <line number="23" hits="0" branch="True" condition-coverage="0% (0/4)">
                  <conditions>
                    <condition number="247" type="jump" coverage="0%" />
                    <condition number="254" type="jump" coverage="0%" />
                  </conditions>
                </line>
                <line number="24" hits="0" branch="False" />
                <line number="25" hits="0" branch="False" />
                <line number="26" hits="0" branch="False" />
                <line number="27" hits="0" branch="False" />
                <line number="28" hits="0" branch="False" />
                <line number="29" hits="0" branch="False" />
              </lines>
            </method>
            <method name="ComputeDisplayLength" signature="(System.String,System.Int32)" line-rate="0.9166" branch-rate="0.6666" complexity="6">
              <lines>
                <line number="32" hits="56" branch="False" />
                <line number="33" hits="56" branch="False" />
                <line number="34" hits="56" branch="True" condition-coverage="50% (1/2)">
                  <conditions>
                    <condition number="30" type="jump" coverage="50%" />
                  </conditions>
                </line>
                <line number="36" hits="56" branch="False" />
                <line number="37" hits="272" branch="False" />
                <line number="38" hits="545" branch="False" />
                <line number="39" hits="56" branch="False" />
                <line number="40" hits="56" branch="False" />
                <line number="41" hits="329" branch="True" condition-coverage="75% (3/4)">
                  <conditions>
                    <condition number="179" type="jump" coverage="50%" />
                    <condition number="123" type="jump" coverage="100%" />
                  </conditions>
                </line>
                <line number="42" hits="0" branch="False" />
                <line number="43" hits="56" branch="False" />
                <line number="44" hits="56" branch="False" />
              </lines>
            </method>
          </methods>
          <lines>
            <line number="6" hits="0" branch="False" />
            <line number="7" hits="0" branch="True" condition-coverage="0% (0/2)">
              <conditions>
                <condition number="19" type="jump" coverage="0%" />
              </conditions>
            </line>
            <line number="8" hits="0" branch="True" condition-coverage="0% (0/2)">
              <conditions>
                <condition number="47" type="jump" coverage="0%" />
              </conditions>
            </line>
            <line number="10" hits="0" branch="False" />
            <line number="11" hits="0" branch="False" />
            <line number="12" hits="0" branch="False" />
            <line number="14" hits="0" branch="True" condition-coverage="0% (0/2)">
              <conditions>
                <condition number="131" type="jump" coverage="0%" />
              </conditions>
            </line>
            <line number="15" hits="0" branch="False" />
            <line number="17" hits="0" branch="False" />
            <line number="18" hits="0" branch="False" />
            <line number="19" hits="0" branch="False" />
            <line number="20" hits="0" branch="False" />
            <line number="21" hits="0" branch="False" />
            <line number="23" hits="0" branch="True" condition-coverage="0% (0/4)">
              <conditions>
                <condition number="247" type="jump" coverage="0%" />
                <condition number="254" type="jump" coverage="0%" />
              </conditions>
            </line>
            <line number="24" hits="0" branch="False" />
            <line number="25" hits="0" branch="False" />
            <line number="26" hits="0" branch="False" />
            <line number="27" hits="0" branch="False" />
            <line number="28" hits="0" branch="False" />
            <line number="29" hits="0" branch="False" />
            <line number="32" hits="56" branch="False" />
            <line number="33" hits="56" branch="False" />
            <line number="34" hits="56" branch="True" condition-coverage="50% (1/2)">
              <conditions>
                <condition number="30" type="jump" coverage="50%" />
              </conditions>
            </line>
            <line number="36" hits="56" branch="False" />
            <line number="37" hits="272" branch="False" />
            <line number="38" hits="545" branch="False" />
            <line number="39" hits="56" branch="False" />
            <line number="40" hits="56" branch="False" />
            <line number="41" hits="329" branch="True" condition-coverage="75% (3/4)">
              <conditions>
                <condition number="179" type="jump" coverage="50%" />
                <condition number="123" type="jump" coverage="100%" />
              </conditions>
            </line>
            <line number="42" hits="0" branch="False" />
            <line number="43" hits="56" branch="False" />
            <line number="44" hits="56" branch="False" />
          </lines>
        </class>
        <class name="gud.Core.Utilities.LineMergeResult" filename="gud.Core/Utilities/ThreeWayLineMerger.cs" line-rate="1" branch-rate="1" complexity="2">
          <methods>
            <method name="get_Lines" signature="()" line-rate="1" branch-rate="1" complexity="1">
              <lines>
                <line number="8" hits="42" branch="False" />
              </lines>
            </method>
            <method name="get_HadConflict" signature="()" line-rate="1" branch-rate="1" complexity="1">
              <lines>
                <line number="9" hits="34" branch="False" />
              </lines>
            </method>
          </methods>
          <lines>
            <line number="8" hits="42" branch="False" />
            <line number="9" hits="34" branch="False" />
          </lines>
        </class>
        <class name="gud.Core.Utilities.ThreeWayLineMerger" filename="gud.Core/Utilities/ThreeWayLineMerger.cs" line-rate="0.6846" branch-rate="0.7222" complexity="166">
          <methods>
            <method name="Merge" signature="(System.String[],System.String[],System.String[],System.String,System.String)" line-rate="0.5855" branch-rate="0.7073" complexity="82">
              <lines>
                <line number="26" hits="17" branch="False" />
                <line number="27" hits="17" branch="True" condition-coverage="100% (2/2)">
                  <conditions>
                    <condition number="12" type="jump" coverage="100%" />
                  </conditions>
                </line>
                <line number="28" hits="3" branch="False" />
                <line number="30" hits="14" branch="True" condition-coverage="100% (2/2)">
                  <conditions>
                    <condition number="53" type="jump" coverage="100%" />
                  </conditions>
                </line>
                <line number="31" hits="1" branch="False" />
                <line number="33" hits="13" branch="True" condition-coverage="50% (1/2)">
                  <conditions>
                    <condition number="94" type="jump" coverage="50%" />
                  </conditions>
                </line>
                <line number="34" hits="0" branch="False" />
                <line number="36" hits="13" branch="False" />
                <line number="37" hits="13" branch="False" />
                <line number="39" hits="13" branch="True" condition-coverage="50% (2/4)">
                  <conditions>
                    <condition number="141" type="jump" coverage="50%" />
                    <condition number="154" type="jump" coverage="50%" />
                  </conditions>
                </line>
                <line number="40" hits="0" branch="False" />
                <line number="42" hits="0" branch="False" />
                <line number="45" hits="13" branch="False" />
                <line number="46" hits="13" branch="False" />
                <line number="48" hits="13" branch="False" />
                <line number="49" hits="13" branch="False" />
                <line number="50" hits="13" branch="False" />
                <line number="51" hits="13" branch="False" />
                <line number="52" hits="13" branch="False" />
                <line number="54" hits="47" branch="True" condition-coverage="100% (6/6)">
                  <conditions>
                    <condition number="1633" type="jump" coverage="100%" />
                    <condition number="1604" type="jump" coverage="100%" />
                    <condition number="1614" type="jump" coverage="100%" />
                  </conditions>
                </line>
                <line number="55" hits="34" branch="False" />
                <line number="56" hits="34" branch="True" condition-coverage="100% (2/2)">
                  <conditions>
                    <condition number="221" type="jump" coverage="100%" />
                  </conditions>
                </line>
                <line number="57" hits="34" branch="True" condition-coverage="100% (2/2)">
                  <conditions>
                    <condition number="258" type="jump" coverage="100%" />
                  </conditions>
                </line>
                <line number="59" hits="34" branch="True" condition-coverage="100% (2/2)">
                  <conditions>
                    <condition number="294" type="jump" coverage="100%" />
                  </conditions>
                </line>
                <line number="60" hits="34" branch="True" condition-coverage="100% (2/2)">
                  <conditions>
                    <condition number="328" type="jump" coverage="100%" />
                  </conditions>
                </line>
                <line number="61" hits="34" branch="False" />
                <line number="64" hits="34" branch="True" condition-coverage="100% (4/4)">
                  <conditions>
                    <condition number="371" type="jump" coverage="100%" />
                    <condition number="386" type="jump" coverage="100%" />
                  </conditions>
                </line>
                <line number="65" hits="17" branch="False" />
                <line number="66" hits="40" branch="True" condition-coverage="100% (4/4)">
                  <conditions>
                    <condition number="428" type="jump" coverage="100%" />
                    <condition number="412" type="jump" coverage="100%" />
                  </conditions>
                </line>
                <line number="67" hits="23" branch="False" />
                <line number="68" hits="17" branch="False" />
                <line number="72" hits="17" branch="True" condition-coverage="100% (2/2)">
                  <conditions>
                    <condition number="449" type="jump" coverage="100%" />
                  </conditions>
                </line>
                <line number="73" hits="2" branch="False" />
                <line number="74" hits="2" branch="True" condition-coverage="75% (3/4)">
                  <conditions>
                    <condition number="462" type="jump" coverage="50%" />
                    <condition number="481" type="jump" coverage="100%" />
                  </conditions>
                </line>
                <line number="76" hits="2" branch="True" condition-coverage="50% (3/6)">
                  <conditions>
                    <condition number="495" type="jump" coverage="50%" />
                    <condition number="504" type="jump" coverage="50%" />
                    <condition number="547" type="jump" coverage="50%" />
                  </conditions>
                </line>
                <line number="77" hits="2" branch="False" />
                <line number="78" hits="2" branch="True" condition-coverage="50% (1/2)">
                  <conditions>
                    <condition number="576" type="jump" coverage="50%" />
                  </conditions>
                </line>
                <line number="79" hits="0" branch="False" />
                <line number="80" hits="0" branch="False" />
                <line number="81" hits="0" branch="False" />
                <line number="82" hits="0" branch="False" />
                <line number="83" hits="0" branch="False" />
                <line number="85" hits="2" branch="False" />
                <line number="86" hits="2" branch="False" />
                <line number="87" hits="2" branch="False" />
                <line number="88" hits="2" branch="False" />
                <line number="89" hits="2" branch="False" />
                <line number="90" hits="2" branch="False" />
                <line number="91" hits="2" branch="False" />
                <line number="94" hits="0" branch="True" condition-coverage="0% (0/6)">
                  <conditions>
                    <condition number="690" type="jump" coverage="0%" />
                    <condition number="699" type="jump" coverage="0%" />
                    <condition number="748" type="jump" coverage="0%" />
                  </conditions>
                </line>
                <line number="95" hits="0" branch="False" />
                <line number="96" hits="0" branch="False" />
                <line number="97" hits="0" branch="False" />
                <line number="98" hits="0" branch="False" />
                <line number="101" hits="0" branch="False" />
                <line number="102" hits="0" branch="False" />
                <line number="103" hits="0" branch="False" />
                <line number="107" hits="15" branch="True" condition-coverage="100% (6/6)">
                  <conditions>
                    <condition number="828" type="jump" coverage="100%" />
                    <condition number="837" type="jump" coverage="100%" />
                    <condition number="880" type="jump" coverage="100%" />
                  </conditions>
                </line>
                <line number="108" hits="7" branch="False" />
                <line number="110" hits="7" branch="True" condition-coverage="50% (2/4)">
                  <conditions>
                    <condition number="902" type="jump" coverage="50%" />
                    <condition number="930" type="jump" coverage="50%" />
                  </conditions>
                </line>
                <line number="111" hits="0" branch="False" />
                <line number="112" hits="0" branch="False" />
                <line number="113" hits="0" branch="False" />
                <line number="114" hits="0" branch="False" />
                <line number="117" hits="7" branch="True" condition-coverage="50% (2/4)">
                  <conditions>
                    <condition number="984" type="jump" coverage="50%" />
                    <condition number="1012" type="jump" coverage="50%" />
                  </conditions>
                </line>
                <line number="118" hits="0" branch="False" />
                <line number="119" hits="0" branch="False" />
                <line number="120" hits="0" branch="False" />
                <line number="121" hits="0" branch="False" />
                <line number="125" hits="7" branch="True" condition-coverage="50% (2/4)">
                  <conditions>
                    <condition number="1066" type="jump" coverage="50%" />
                    <condition number="1094" type="jump" coverage="50%" />
                  </conditions>
                </line>
                <line number="126" hits="0" branch="False" />
                <line number="127" hits="0" branch="True" condition-coverage="0% (0/2)">
                  <conditions>
                    <condition number="1120" type="jump" coverage="0%" />
                  </conditions>
                </line>
                <line number="128" hits="0" branch="False" />
                <line number="129" hits="0" branch="False" />
                <line number="130" hits="0" branch="False" />
                <line number="132" hits="0" branch="False" />
                <line number="133" hits="0" branch="False" />
                <line number="134" hits="0" branch="False" />
                <line number="135" hits="0" branch="False" />
                <line number="137" hits="0" branch="False" />
                <line number="138" hits="0" branch="False" />
                <line number="139" hits="0" branch="False" />
                <line number="143" hits="7" branch="True" condition-coverage="50% (1/2)">
                  <conditions>
                    <condition number="1238" type="jump" coverage="50%" />
                  </conditions>
                </line>
                <line number="144" hits="0" branch="False" />
                <line number="145" hits="0" branch="False" />
                <line number="146" hits="0" branch="False" />
                <line number="147" hits="0" branch="False" />
                <line number="148" hits="0" branch="False" />
                <line number="149" hits="0" branch="False" />
                <line number="152" hits="7" branch="True" condition-coverage="50% (1/2)">
                  <conditions>
                    <condition number="1340" type="jump" coverage="50%" />
                  </conditions>
                </line>
                <line number="153" hits="7" branch="False" />
                <line number="154" hits="7" branch="False" />
                <line number="155" hits="7" branch="False" />
                <line number="156" hits="7" branch="False" />
                <line number="157" hits="7" branch="False" />
                <line number="162" hits="0" branch="False" />
                <line number="163" hits="0" branch="False" />
                <line number="164" hits="0" branch="False" />
                <line number="165" hits="0" branch="False" />
                <line number="168" hits="8" branch="True" condition-coverage="100% (6/6)">
                  <conditions>
                    <condition number="1408" type="jump" coverage="100%" />
                    <condition number="1417" type="jump" coverage="100%" />
                    <condition number="1463" type="jump" coverage="100%" />
                  </conditions>
                </line>
                <line number="169" hits="4" branch="False" />
                <line number="170" hits="4" branch="False" />
                <line number="171" hits="4" branch="False" />
                <line number="172" hits="4" branch="False" />
                <line number="173" hits="4" branch="False" />
                <line number="177" hits="4" branch="False" />
                <line number="178" hits="4" branch="False" />
                <line number="179" hits="4" branch="False" />
                <line number="180" hits="4" branch="False" />
                <line number="182" hits="13" branch="False" />
                <line number="183" hits="17" branch="False" />
              </lines>
            </method>
            <method name="SplitLines" signature="(System.String)" line-rate="1" branch-rate="1" complexity="1">
              <lines>
                <line number="189" hits="25" branch="False" />
              </lines>
            </method>
            <method name="JoinLines" signature="(System.Collections.Generic.IReadOnlyList`1&lt;System.String&gt;)" line-rate="1" branch-rate="1" complexity="1">
              <lines>
                <line number="194" hits="9" branch="False" />
              </lines>
            </method>
            <method name="ToRegions" signature="(System.Collections.Generic.List`1&lt;gud.Core.Utilities.DiffEdit&gt;)" line-rate="1" branch-rate="1" complexity="10">
              <lines>
                <line number="197" hits="26" branch="False" />
                <line number="198" hits="26" branch="False" />
                <line number="199" hits="26" branch="False" />
                <line number="200" hits="26" branch="False" />
                <line number="201" hits="106" branch="True" condition-coverage="100% (2/2)">
                  <conditions>
                    <condition number="193" type="jump" coverage="100%" />
                  </conditions>
                </line>
                <line number="202" hits="80" branch="False" />
                <line number="203" hits="80" branch="True" condition-coverage="100% (2/2)">
                  <conditions>
                    <condition number="36" type="jump" coverage="100%" />
                  </conditions>
                </line>
                <line number="204" hits="54" branch="False" />
                <line number="205" hits="54" branch="False" />
                <line number="206" hits="54" branch="False" />
                <line number="207" hits="54" branch="False" />
                <line number="210" hits="26" branch="False" />
                <line number="211" hits="26" branch="False" />
                <line number="212" hits="26" branch="False" />
                <line number="213" hits="73" branch="True" condition-coverage="100% (4/4)">
                  <conditions>
                    <condition number="160" type="jump" coverage="100%" />
                    <condition number="136" type="jump" coverage="100%" />
                  </conditions>
                </line>
                <line number="214" hits="47" branch="False" />
                <line number="215" hits="47" branch="True" condition-coverage="100% (2/2)">
                  <conditions>
                    <condition number="86" type="jump" coverage="100%" />
                  </conditions>
                </line>
                <line number="216" hits="22" branch="False" />
                <line number="217" hits="22" branch="False" />
                <line number="218" hits="22" branch="False" />
                <line number="219" hits="22" branch="False" />
                <line number="221" hits="25" branch="False" />
                <line number="222" hits="25" branch="False" />
                <line number="223" hits="25" branch="False" />
                <line number="225" hits="47" branch="False" />
                <line number="226" hits="47" branch="False" />
                <line number="228" hits="26" branch="False" />
                <line number="229" hits="26" branch="False" />
                <line number="231" hits="26" branch="False" />
                <line number="232" hits="26" branch="False" />
              </lines>
            </method>
            <method name="EmitOverlapConflict" signature="(System.Collections.Generic.List`1&lt;System.String&gt;,System.String[],System.Collections.Generic.List`1&lt;gud.Core.Utilities.ThreeWayLineMerger/Region&gt;,System.Collections.Generic.List`1&lt;gud.Core.Utilities.ThreeWayLineMerger/Region&gt;,System.Int32&amp;,System.Int32&amp;,System.Int32&amp;,System.String,System.String)" line-rate="0.7042" branch-rate="0.8055" complexity="36">
              <lines>
                <line number="244" hits="7" branch="False" />
                <line number="245" hits="7" branch="False" />
                <line number="246" hits="7" branch="False" />
                <line number="247" hits="7" branch="False" />
                <line number="248" hits="7" branch="False" />
                <line number="251" hits="7" branch="False" />
                <line number="252" hits="14" branch="True" condition-coverage="100% (2/2)">
                  <conditions>
                    <condition number="384" type="jump" coverage="100%" />
                  </conditions>
                </line>
                <line number="253" hits="7" branch="False" />
                <line number="254" hits="7" branch="False" />
                <line number="255" hits="28" branch="True" condition-coverage="100% (2/2)">
                  <conditions>
                    <condition number="228" type="jump" coverage="100%" />
                  </conditions>
                </line>
                <line number="256" hits="7" branch="False" />
                <line number="257" hits="7" branch="False" />
                <line number="258" hits="7" branch="True" condition-coverage="100% (2/2)">
                  <conditions>
                    <condition number="121" type="jump" coverage="100%" />
                  </conditions>
                </line>
                <line number="259" hits="7" branch="True" condition-coverage="100% (2/2)">
                  <conditions>
                    <condition number="138" type="jump" coverage="100%" />
                  </conditions>
                </line>
                <line number="260" hits="7" branch="False" />
                <line number="261" hits="7" branch="False" />
                <line number="262" hits="7" branch="True" condition-coverage="50% (1/2)">
                  <conditions>
                    <condition number="167" type="jump" coverage="50%" />
                  </conditions>
                </line>
                <line number="263" hits="0" branch="False" />
                <line number="264" hits="0" branch="False" />
                <line number="265" hits="0" branch="False" />
                <line number="266" hits="0" branch="False" />
                <line number="268" hits="7" branch="True" condition-coverage="50% (1/2)">
                  <conditions>
                    <condition number="191" type="jump" coverage="50%" />
                  </conditions>
                </line>
                <line number="269" hits="0" branch="False" />
                <line number="270" hits="0" branch="False" />
                <line number="271" hits="0" branch="False" />
                <line number="272" hits="0" branch="False" />
                <line number="273" hits="7" branch="False" />
                <line number="274" hits="7" branch="False" />
                <line number="276" hits="28" branch="True" condition-coverage="100% (2/2)">
                  <conditions>
                    <condition number="372" type="jump" coverage="100%" />
                  </conditions>
                </line>
                <line number="277" hits="7" branch="False" />
                <line number="278" hits="7" branch="False" />
                <line number="279" hits="7" branch="True" condition-coverage="100% (2/2)">
                  <conditions>
                    <condition number="265" type="jump" coverage="100%" />
                  </conditions>
                </line>
                <line number="280" hits="7" branch="True" condition-coverage="100% (2/2)">
                  <conditions>
                    <condition number="282" type="jump" coverage="100%" />
                  </conditions>
                </line>
                <line number="281" hits="7" branch="False" />
                <line number="282" hits="7" branch="False" />
                <line number="283" hits="7" branch="True" condition-coverage="50% (1/2)">
                  <conditions>
                    <condition number="311" type="jump" coverage="50%" />
                  </conditions>
                </line>
                <line number="284" hits="0" branch="False" />
                <line number="285" hits="0" branch="False" />
                <line number="286" hits="0" branch="False" />
                <line number="287" hits="0" branch="False" />
                <line number="289" hits="7" branch="True" condition-coverage="50% (1/2)">
                  <conditions>
                    <condition number="335" type="jump" coverage="50%" />
                  </conditions>
                </line>
                <line number="290" hits="0" branch="False" />
                <line number="291" hits="0" branch="False" />
                <line number="292" hits="0" branch="False" />
                <line number="293" hits="0" branch="False" />
                <line number="294" hits="7" branch="False" />
                <line number="295" hits="7" branch="False" />
                <line number="296" hits="7" branch="False" />
                <line number="299" hits="7" branch="True" condition-coverage="50% (2/4)">
                  <conditions>
                    <condition number="435" type="jump" coverage="50%" />
                    <condition number="418" type="jump" coverage="50%" />
                  </conditions>
                </line>
                <line number="300" hits="0" branch="False" />
                <line number="302" hits="7" branch="False" />
                <line number="303" hits="7" branch="False" />
                <line number="305" hits="14" branch="True" condition-coverage="100% (4/4)">
                  <conditions>
                    <condition number="523" type="jump" coverage="100%" />
                    <condition number="498" type="jump" coverage="100%" />
                  </conditions>
                </line>
                <line number="306" hits="7" branch="False" />
                <line number="307" hits="7" branch="False" />
                <line number="308" hits="7" branch="False" />
                <line number="309" hits="7" branch="False" />
                <line number="311" hits="14" branch="True" condition-coverage="100% (4/4)">
                  <conditions>
                    <condition number="597" type="jump" coverage="100%" />
                    <condition number="572" type="jump" coverage="100%" />
                  </conditions>
                </line>
                <line number="312" hits="7" branch="False" />
                <line number="313" hits="7" branch="False" />
                <line number="314" hits="7" branch="False" />
                <line number="315" hits="7" branch="False" />
                <line number="317" hits="7" branch="True" condition-coverage="50% (1/2)">
                  <conditions>
                    <condition number="612" type="jump" coverage="50%" />
                  </conditions>
                </line>
                <line number="318" hits="0" branch="False" />
                <line number="319" hits="0" branch="False" />
                <line number="320" hits="0" branch="False" />
                <line number="321" hits="0" branch="False" />
                <line number="324" hits="7" branch="False" />
                <line number="325" hits="7" branch="False" />
                <line number="326" hits="7" branch="False" />
                <line number="327" hits="7" branch="False" />
              </lines>
            </method>
            <method name="RegionTouchesWindow" signature="(gud.Core.Utilities.ThreeWayLineMerger/Region,System.Int32,System.Int32)" line-rate="0.8" branch-rate="0.3333" complexity="6">
              <lines>
                <line number="330" hits="28" branch="False" />
                <line number="331" hits="28" branch="True" condition-coverage="50% (1/2)">
                  <conditions>
                    <condition number="13" type="jump" coverage="50%" />
                  </conditions>
                </line>
                <line number="332" hits="0" branch="True" condition-coverage="0% (0/2)">
                  <conditions>
                    <condition number="23" type="jump" coverage="0%" />
                  </conditions>
                </line>
                <line number="333" hits="28" branch="True" condition-coverage="50% (1/2)">
                  <conditions>
                    <condition number="52" type="jump" coverage="50%" />
                  </conditions>
                </line>
                <line number="334" hits="28" branch="False" />
              </lines>
            </method>
            <method name="IntervalsOverlap" signature="(gud.Core.Utilities.ThreeWayLineMerger/Region,gud.Core.Utilities.ThreeWayLineMerger/Region)" line-rate="0.7142000000000001" branch-rate="0.5" complexity="10">
              <lines>
                <line number="337" hits="7" branch="False" />
                <line number="338" hits="7" branch="True" condition-coverage="50% (2/4)">
                  <conditions>
                    <condition number="8" type="jump" coverage="50%" />
                    <condition number="25" type="jump" coverage="50%" />
                  </conditions>
                </line>
                <line number="339" hits="0" branch="False" />
                <line number="340" hits="7" branch="True" condition-coverage="50% (2/4)">
                  <conditions>
                    <condition number="53" type="jump" coverage="50%" />
                    <condition number="70" type="jump" coverage="50%" />
                  </conditions>
                </line>
                <line number="341" hits="0" branch="False" />
                <line number="342" hits="7" branch="True" condition-coverage="50% (1/2)">
                  <conditions>
                    <condition number="98" type="jump" coverage="50%" />
                  </conditions>
                </line>
                <line number="343" hits="7" branch="False" />
              </lines>
            </method>
            <method name="RegionsIdentical" signature="(gud.Core.Utilities.ThreeWayLineMerger/Region,gud.Core.Utilities.ThreeWayLineMerger/Region)" line-rate="1" branch-rate="0.5" complexity="4">
              <lines>
                <line number="346" hits="9" branch="True" condition-coverage="50% (2/4)">
                  <conditions>
                    <condition number="14" type="jump" coverage="50%" />
                    <condition number="30" type="jump" coverage="50%" />
                  </conditions>
                </line>
                <line number="347" hits="9" branch="False" />
                <line number="348" hits="9" branch="False" />
              </lines>
            </method>
            <method name="SideLinesEqual" signature="(System.Collections.Generic.IReadOnlyList`1&lt;System.String&gt;,System.Collections.Generic.IReadOnlyList`1&lt;System.String&gt;)" line-rate="0.8332999999999999" branch-rate="0.5" complexity="6">
              <lines>
                <line number="351" hits="16" branch="False" />
                <line number="352" hits="16" branch="True" condition-coverage="50% (1/2)">
                  <conditions>
                    <condition number="20" type="jump" coverage="50%" />
                  </conditions>
                </line>
                <line number="353" hits="32" branch="True" condition-coverage="50% (1/2)">
                  <conditions>
                    <condition number="74" type="jump" coverage="50%" />
                  </conditions>
                </line>
                <line number="354" hits="32" branch="True" condition-coverage="50% (1/2)">
                  <conditions>
                    <condition number="51" type="jump" coverage="50%" />
                  </conditions>
                </line>
                <line number="355" hits="0" branch="False" />
                <line number="356" hits="16" branch="False" />
              </lines>
            </method>
            <method name="EmitConflict" signature="(System.Collections.Generic.List`1&lt;System.String&gt;,System.Collections.Generic.IReadOnlyList`1&lt;System.String&gt;,System.Collections.Generic.IReadOnlyList`1&lt;System.String&gt;,System.String,System.String)" line-rate="1" branch-rate="1" complexity="1">
              <lines>
                <line number="364" hits="9" branch="False" />
                <line number="365" hits="9" branch="False" />
                <line number="366" hits="9" branch="False" />
                <line number="367" hits="9" branch="False" />
                <line number="368" hits="9" branch="False" />
                <line number="369" hits="9" branch="False" />
                <line number="370" hits="9" branch="False" />
              </lines>
            </method>
            <method name="WholeFileConflict" signature="(System.String[],System.String[],System.String,System.String)" line-rate="0" branch-rate="1" complexity="1">
              <lines>
                <line number="374" hits="0" branch="False" />
                <line number="375" hits="0" branch="False" />
                <line number="376" hits="0" branch="False" />
                <line number="377" hits="0" branch="False" />
                <line number="378" hits="0" branch="False" />
                <line number="379" hits="0" branch="False" />
                <line number="380" hits="0" branch="False" />
                <line number="381" hits="0" branch="False" />
                <line number="382" hits="0" branch="False" />
                <line number="383" hits="0" branch="False" />
                <line number="384" hits="0" branch="False" />
              </lines>
            </method>
            <method name="LinesEqual" signature="(System.String[],System.String[])" line-rate="1" branch-rate="1" complexity="8">
              <lines>
                <line number="387" hits="44" branch="False" />
                <line number="388" hits="45" branch="True" condition-coverage="100% (2/2)">
                  <conditions>
                    <condition number="7" type="jump" coverage="100%" />
                  </conditions>
                </line>
                <line number="389" hits="49" branch="True" condition-coverage="100% (2/2)">
                  <conditions>
                    <condition number="26" type="jump" coverage="100%" />
                  </conditions>
                </line>
                <line number="390" hits="126" branch="True" condition-coverage="100% (2/2)">
                  <conditions>
                    <condition number="71" type="jump" coverage="100%" />
                  </conditions>
                </line>
                <line number="391" hits="94" branch="True" condition-coverage="100% (2/2)">
                  <conditions>
                    <condition number="51" type="jump" coverage="100%" />
                  </conditions>
                </line>
                <line number="392" hits="3" branch="False" />
                <line number="393" hits="44" branch="False" />
              </lines>
            </method>
          </methods>
          <lines>
            <line number="26" hits="17" branch="False" />
            <line number="27" hits="17" branch="True" condition-coverage="100% (2/2)">
              <conditions>
                <condition number="12" type="jump" coverage="100%" />
              </conditions>
            </line>
            <line number="28" hits="3" branch="False" />
            <line number="30" hits="14" branch="True" condition-coverage="100% (2/2)">
              <conditions>
                <condition number="53" type="jump" coverage="100%" />
              </conditions>
            </line>
            <line number="31" hits="1" branch="False" />
            <line number="33" hits="13" branch="True" condition-coverage="50% (1/2)">
              <conditions>
                <condition number="94" type="jump" coverage="50%" />
              </conditions>
            </line>
            <line number="34" hits="0" branch="False" />
            <line number="36" hits="13" branch="False" />
            <line number="37" hits="13" branch="False" />
            <line number="39" hits="13" branch="True" condition-coverage="50% (2/4)">
              <conditions>
                <condition number="141" type="jump" coverage="50%" />
                <condition number="154" type="jump" coverage="50%" />
              </conditions>
            </line>
            <line number="40" hits="0" branch="False" />
            <line number="42" hits="0" branch="False" />
            <line number="45" hits="13" branch="False" />
            <line number="46" hits="13" branch="False" />
            <line number="48" hits="13" branch="False" />
            <line number="49" hits="13" branch="False" />
            <line number="50" hits="13" branch="False" />
            <line number="51" hits="13" branch="False" />
            <line number="52" hits="13" branch="False" />
            <line number="54" hits="47" branch="True" condition-coverage="100% (6/6)">
              <conditions>
                <condition number="1633" type="jump" coverage="100%" />
                <condition number="1604" type="jump" coverage="100%" />
                <condition number="1614" type="jump" coverage="100%" />
              </conditions>
            </line>
            <line number="55" hits="34" branch="False" />
            <line number="56" hits="34" branch="True" condition-coverage="100% (2/2)">
              <conditions>
                <condition number="221" type="jump" coverage="100%" />
              </conditions>
            </line>
            <line number="57" hits="34" branch="True" condition-coverage="100% (2/2)">
              <conditions>
                <condition number="258" type="jump" coverage="100%" />
              </conditions>
            </line>
            <line number="59" hits="34" branch="True" condition-coverage="100% (2/2)">
              <conditions>
                <condition number="294" type="jump" coverage="100%" />
              </conditions>
            </line>
            <line number="60" hits="34" branch="True" condition-coverage="100% (2/2)">
              <conditions>
                <condition number="328" type="jump" coverage="100%" />
              </conditions>
            </line>
            <line number="61" hits="34" branch="False" />
            <line number="64" hits="34" branch="True" condition-coverage="100% (4/4)">
              <conditions>
                <condition number="371" type="jump" coverage="100%" />
                <condition number="386" type="jump" coverage="100%" />
              </conditions>
            </line>
            <line number="65" hits="17" branch="False" />
            <line number="66" hits="40" branch="True" condition-coverage="100% (4/4)">
              <conditions>
                <condition number="428" type="jump" coverage="100%" />
                <condition number="412" type="jump" coverage="100%" />
              </conditions>
            </line>
            <line number="67" hits="23" branch="False" />
            <line number="68" hits="17" branch="False" />
            <line number="72" hits="17" branch="True" condition-coverage="100% (2/2)">
              <conditions>
                <condition number="449" type="jump" coverage="100%" />
              </conditions>
            </line>
            <line number="73" hits="2" branch="False" />
            <line number="74" hits="2" branch="True" condition-coverage="75% (3/4)">
              <conditions>
                <condition number="462" type="jump" coverage="50%" />
                <condition number="481" type="jump" coverage="100%" />
              </conditions>
            </line>
            <line number="76" hits="2" branch="True" condition-coverage="50% (3/6)">
              <conditions>
                <condition number="495" type="jump" coverage="50%" />
                <condition number="504" type="jump" coverage="50%" />
                <condition number="547" type="jump" coverage="50%" />
              </conditions>
            </line>
            <line number="77" hits="2" branch="False" />
            <line number="78" hits="2" branch="True" condition-coverage="50% (1/2)">
              <conditions>
                <condition number="576" type="jump" coverage="50%" />
              </conditions>
            </line>
            <line number="79" hits="0" branch="False" />
            <line number="80" hits="0" branch="False" />
            <line number="81" hits="0" branch="False" />
            <line number="82" hits="0" branch="False" />
            <line number="83" hits="0" branch="False" />
            <line number="85" hits="2" branch="False" />
            <line number="86" hits="2" branch="False" />
            <line number="87" hits="2" branch="False" />
            <line number="88" hits="2" branch="False" />
            <line number="89" hits="2" branch="False" />
            <line number="90" hits="2" branch="False" />
            <line number="91" hits="2" branch="False" />
            <line number="94" hits="0" branch="True" condition-coverage="0% (0/6)">
              <conditions>
                <condition number="690" type="jump" coverage="0%" />
                <condition number="699" type="jump" coverage="0%" />
                <condition number="748" type="jump" coverage="0%" />
              </conditions>
            </line>
            <line number="95" hits="0" branch="False" />
            <line number="96" hits="0" branch="False" />
            <line number="97" hits="0" branch="False" />
            <line number="98" hits="0" branch="False" />
            <line number="101" hits="0" branch="False" />
            <line number="102" hits="0" branch="False" />
            <line number="103" hits="0" branch="False" />
            <line number="107" hits="15" branch="True" condition-coverage="100% (6/6)">
              <conditions>
                <condition number="828" type="jump" coverage="100%" />
                <condition number="837" type="jump" coverage="100%" />
                <condition number="880" type="jump" coverage="100%" />
              </conditions>
            </line>
            <line number="108" hits="7" branch="False" />
            <line number="110" hits="7" branch="True" condition-coverage="50% (2/4)">
              <conditions>
                <condition number="902" type="jump" coverage="50%" />
                <condition number="930" type="jump" coverage="50%" />
              </conditions>
            </line>
            <line number="111" hits="0" branch="False" />
            <line number="112" hits="0" branch="False" />
            <line number="113" hits="0" branch="False" />
            <line number="114" hits="0" branch="False" />
            <line number="117" hits="7" branch="True" condition-coverage="50% (2/4)">
              <conditions>
                <condition number="984" type="jump" coverage="50%" />
                <condition number="1012" type="jump" coverage="50%" />
              </conditions>
            </line>
            <line number="118" hits="0" branch="False" />
            <line number="119" hits="0" branch="False" />
            <line number="120" hits="0" branch="False" />
            <line number="121" hits="0" branch="False" />
            <line number="125" hits="7" branch="True" condition-coverage="50% (2/4)">
              <conditions>
                <condition number="1066" type="jump" coverage="50%" />
                <condition number="1094" type="jump" coverage="50%" />
              </conditions>
            </line>
            <line number="126" hits="0" branch="False" />
            <line number="127" hits="0" branch="True" condition-coverage="0% (0/2)">
              <conditions>
                <condition number="1120" type="jump" coverage="0%" />
              </conditions>
            </line>
            <line number="128" hits="0" branch="False" />
            <line number="129" hits="0" branch="False" />
            <line number="130" hits="0" branch="False" />
            <line number="132" hits="0" branch="False" />
            <line number="133" hits="0" branch="False" />
            <line number="134" hits="0" branch="False" />
            <line number="135" hits="0" branch="False" />
            <line number="137" hits="0" branch="False" />
            <line number="138" hits="0" branch="False" />
            <line number="139" hits="0" branch="False" />
            <line number="143" hits="7" branch="True" condition-coverage="50% (1/2)">
              <conditions>
                <condition number="1238" type="jump" coverage="50%" />
              </conditions>
            </line>
            <line number="144" hits="0" branch="False" />
            <line number="145" hits="0" branch="False" />
            <line number="146" hits="0" branch="False" />
            <line number="147" hits="0" branch="False" />
            <line number="148" hits="0" branch="False" />
            <line number="149" hits="0" branch="False" />
[...]
            <line number="136" hits="0" branch="False" />
            <line number="137" hits="0" branch="False" />
            <line number="138" hits="0" branch="False" />
            <line number="139" hits="0" branch="False" />
            <line number="140" hits="0" branch="False" />
            <line number="141" hits="0" branch="False" />
            <line number="142" hits="0" branch="False" />
            <line number="143" hits="0" branch="False" />
            <line number="144" hits="0" branch="False" />
            <line number="147" hits="0" branch="False" />
            <line number="148" hits="0" branch="False" />
            <line number="149" hits="0" branch="False" />
          </lines>
        </class>
        <class name="gud.Commands.RemoteCommand" filename="gud/Commands/RemoteCommand.cs" line-rate="0" branch-rate="0" complexity="9">
          <methods>
            <method name="Execute" signature="(Spectre.Console.Cli.CommandContext,gud.Commands.RemoteCommand/Settings,System.Threading.CancellationToken)" line-rate="0" branch-rate="0" complexity="8">
              <lines>
                <line number="27" hits="0" branch="False" />
                <line number="30" hits="0" branch="False" />
                <line number="31" hits="0" branch="False" />
                <line number="32" hits="0" branch="False" />
                <line number="33" hits="0" branch="False" />
                <line number="34" hits="0" branch="False" />
                <line number="35" hits="0" branch="False" />
                <line number="36" hits="0" branch="False" />
                <line number="39" hits="0" branch="False" />
                <line number="41" hits="0" branch="True" condition-coverage="0% (0/2)">
                  <conditions>
                    <condition number="75" type="jump" coverage="0%" />
                  </conditions>
                </line>
                <line number="42" hits="0" branch="False" />
                <line number="43" hits="0" branch="True" condition-coverage="0% (0/2)">
                  <conditions>
                    <condition number="93" type="jump" coverage="0%" />
                  </conditions>
                </line>
                <line number="44" hits="0" branch="False" />
                <line number="45" hits="0" branch="False" />
                <line number="46" hits="0" branch="False" />
                <line number="48" hits="0" branch="False" />
                <line number="49" hits="0" branch="False" />
                <line number="52" hits="0" branch="True" condition-coverage="0% (0/2)">
                  <conditions>
                    <condition number="155" type="jump" coverage="0%" />
                  </conditions>
                </line>
                <line number="53" hits="0" branch="False" />
                <line number="54" hits="0" branch="True" condition-coverage="0% (0/2)">
                  <conditions>
                    <condition number="234" type="jump" coverage="0%" />
                  </conditions>
                </line>
                <line number="55" hits="0" branch="False" />
                <line number="56" hits="0" branch="False" />
                <line number="59" hits="0" branch="False" />
                <line number="60" hits="0" branch="False" />
                <line number="61" hits="0" branch="False" />
              </lines>
            </method>
            <method name=".ctor" signature="(Spectre.Console.IAnsiConsole)" line-rate="0" branch-rate="1" complexity="1">
              <lines>
                <line number="8" hits="0" branch="False" />
                <line number="10" hits="0" branch="False" />
              </lines>
            </method>
          </methods>
          <lines>
            <line number="27" hits="0" branch="False" />
            <line number="30" hits="0" branch="False" />
            <line number="31" hits="0" branch="False" />
            <line number="32" hits="0" branch="False" />
            <line number="33" hits="0" branch="False" />
            <line number="34" hits="0" branch="False" />
            <line number="35" hits="0" branch="False" />
            <line number="36" hits="0" branch="False" />
            <line number="39" hits="0" branch="False" />
            <line number="41" hits="0" branch="True" condition-coverage="0% (0/2)">
              <conditions>
                <condition number="75" type="jump" coverage="0%" />
              </conditions>
            </line>
            <line number="42" hits="0" branch="False" />
            <line number="43" hits="0" branch="True" condition-coverage="0% (0/2)">
              <conditions>
                <condition number="93" type="jump" coverage="0%" />
              </conditions>
            </line>
            <line number="44" hits="0" branch="False" />
            <line number="45" hits="0" branch="False" />
            <line number="46" hits="0" branch="False" />
            <line number="48" hits="0" branch="False" />
            <line number="49" hits="0" branch="False" />
            <line number="52" hits="0" branch="True" condition-coverage="0% (0/2)">
              <conditions>
                <condition number="155" type="jump" coverage="0%" />
              </conditions>
            </line>
            <line number="53" hits="0" branch="False" />
            <line number="54" hits="0" branch="True" condition-coverage="0% (0/2)">
              <conditions>
                <condition number="234" type="jump" coverage="0%" />
              </conditions>
            </line>
            <line number="55" hits="0" branch="False" />
            <line number="56" hits="0" branch="False" />
            <line number="59" hits="0" branch="False" />
            <line number="60" hits="0" branch="False" />
            <line number="61" hits="0" branch="False" />
            <line number="8" hits="0" branch="False" />
            <line number="10" hits="0" branch="False" />
          </lines>
        </class>
        <class name="gud.Commands.RemoteCommand/Settings" filename="gud/Commands/RemoteCommand.cs" line-rate="0" branch-rate="1" complexity="4">
          <methods>
            <method name="get_Name" signature="()" line-rate="0" branch-rate="1" complexity="1">
              <lines>
                <line number="14" hits="0" branch="False" />
              </lines>
            </method>
            <method name="get_Url" signature="()" line-rate="0" branch-rate="1" complexity="1">
              <lines>
                <line number="17" hits="0" branch="False" />
              </lines>
            </method>
            <method name="get_ApiKey" signature="()" line-rate="0" branch-rate="1" complexity="1">
              <lines>
                <line number="20" hits="0" branch="False" />
              </lines>
            </method>
            <method name="get_Remove" signature="()" line-rate="0" branch-rate="1" complexity="1">
              <lines>
                <line number="23" hits="0" branch="False" />
              </lines>
            </method>
          </methods>
          <lines>
            <line number="14" hits="0" branch="False" />
            <line number="17" hits="0" branch="False" />
            <line number="20" hits="0" branch="False" />
            <line number="23" hits="0" branch="False" />
          </lines>
        </class>
        <class name="gud.Commands.StatusCommand" filename="gud/Commands/StatusCommand.cs" line-rate="0" branch-rate="0" complexity="21">
          <methods>
            <method name="Execute" signature="(Spectre.Console.Cli.CommandContext,gud.Commands.StatusCommand/Settings,System.Threading.CancellationToken)" line-rate="0" branch-rate="0" complexity="20">
              <lines>
                <line number="25" hits="0" branch="False" />
                <line number="28" hits="0" branch="False" />
                <line number="29" hits="0" branch="False" />
                <line number="30" hits="0" branch="False" />
                <line number="31" hits="0" branch="False" />
                <line number="32" hits="0" branch="False" />
                <line number="33" hits="0" branch="False" />
                <line number="34" hits="0" branch="False" />
                <line number="37" hits="0" branch="False" />
                <line number="38" hits="0" branch="False" />
                <line number="39" hits="0" branch="False" />
                <line number="40" hits="0" branch="False" />
                <line number="41" hits="0" branch="False" />
                <line number="43" hits="0" branch="True" condition-coverage="0% (0/2)">
                  <conditions>
                    <condition number="119" type="jump" coverage="0%" />
                  </conditions>
                </line>
                <line number="44" hits="0" branch="False" />
                <line number="45" hits="0" branch="False" />
                <line number="46" hits="0" branch="False" />
                <line number="47" hits="0" branch="True" condition-coverage="0% (0/2)">
                  <conditions>
                    <condition number="233" type="jump" coverage="0%" />
                  </conditions>
                </line>
                <line number="48" hits="0" branch="False" />
                <line number="49" hits="0" branch="False" />
                <line number="50" hits="0" branch="True" condition-coverage="0% (0/4)">
                  <conditions>
                    <condition number="192" type="jump" coverage="0%" />
                    <condition number="213" type="jump" coverage="0%" />
                  </conditions>
                </line>
                <line number="51" hits="0" branch="False" />
                <line number="52" hits="0" branch="False" />
                <line number="54" hits="0" branch="True" condition-coverage="0% (0/2)">
                  <conditions>
                    <condition number="264" type="jump" coverage="0%" />
                  </conditions>
                </line>
                <line number="55" hits="0" branch="False" />
                <line number="56" hits="0" branch="False" />
                <line number="57" hits="0" branch="False" />
                <line number="58" hits="0" branch="True" condition-coverage="0% (0/2)">
                  <conditions>
                    <condition number="353" type="jump" coverage="0%" />
                  </conditions>
                </line>
                <line number="59" hits="0" branch="False" />
                <line number="60" hits="0" branch="False" />
                <line number="62" hits="0" branch="False" />
                <line number="63" hits="0" branch="False" />
                <line number="64" hits="0" branch="False" />
                <line number="65" hits="0" branch="False" />
                <line number="66" hits="0" branch="False" />
                <line number="67" hits="0" branch="False" />
                <line number="69" hits="0" branch="False" />
                <line number="70" hits="0" branch="False" />
                <line number="71" hits="0" branch="True" condition-coverage="0% (0/2)">
                  <conditions>
                    <condition number="449" type="jump" coverage="0%" />
                  </conditions>
                </line>
                <line number="72" hits="0" branch="False" />
                <line number="73" hits="0" branch="False" />
                <line number="74" hits="0" branch="False" />
                <line number="75" hits="0" branch="False" />
                <line number="77" hits="0" branch="False" />
                <line number="79" hits="0" branch="True" condition-coverage="0% (0/2)">
                  <conditions>
                    <condition number="792" type="jump" coverage="0%" />
                  </conditions>
                </line>
                <line number="80" hits="0" branch="False" />
                <line number="81" hits="0" branch="True" condition-coverage="0% (0/4)">
                  <conditions>
                    <condition number="561" type="switch" coverage="0%" />
                  </conditions>
                </line>
                <line number="82" hits="0" branch="False" />
                <line number="83" hits="0" branch="False" />
                <line number="84" hits="0" branch="False" />
                <line number="85" hits="0" branch="False" />
                <line number="86" hits="0" branch="False" />
                <line number="87" hits="0" branch="False" />
                <line number="89" hits="0" branch="False" />
                <line number="90" hits="0" branch="False" />
                <line number="92" hits="0" branch="False" />
                <line number="93" hits="0" branch="False" />
              </lines>
            </method>
            <method name=".ctor" signature="(Spectre.Console.IAnsiConsole)" line-rate="0" branch-rate="1" complexity="1">
              <lines>
                <line number="15" hits="0" branch="False" />
                <line number="16" hits="0" branch="False" />
                <line number="17" hits="0" branch="False" />
                <line number="18" hits="0" branch="False" />
              </lines>
            </method>
          </methods>
          <lines>
            <line number="25" hits="0" branch="False" />
            <line number="28" hits="0" branch="False" />
            <line number="29" hits="0" branch="False" />
            <line number="30" hits="0" branch="False" />
            <line number="31" hits="0" branch="False" />
            <line number="32" hits="0" branch="False" />
            <line number="33" hits="0" branch="False" />
            <line number="34" hits="0" branch="False" />
            <line number="37" hits="0" branch="False" />
            <line number="38" hits="0" branch="False" />
            <line number="39" hits="0" branch="False" />
            <line number="40" hits="0" branch="False" />
            <line number="41" hits="0" branch="False" />
            <line number="43" hits="0" branch="True" condition-coverage="0% (0/2)">
              <conditions>
                <condition number="119" type="jump" coverage="0%" />
              </conditions>
            </line>
            <line number="44" hits="0" branch="False" />
            <line number="45" hits="0" branch="False" />
            <line number="46" hits="0" branch="False" />
            <line number="47" hits="0" branch="True" condition-coverage="0% (0/2)">
              <conditions>
                <condition number="233" type="jump" coverage="0%" />
              </conditions>
            </line>
            <line number="48" hits="0" branch="False" />
            <line number="49" hits="0" branch="False" />
            <line number="50" hits="0" branch="True" condition-coverage="0% (0/4)">
              <conditions>
                <condition number="192" type="jump" coverage="0%" />
                <condition number="213" type="jump" coverage="0%" />
              </conditions>
            </line>
            <line number="51" hits="0" branch="False" />
            <line number="52" hits="0" branch="False" />
            <line number="54" hits="0" branch="True" condition-coverage="0% (0/2)">
              <conditions>
                <condition number="264" type="jump" coverage="0%" />
              </conditions>
            </line>
            <line number="55" hits="0" branch="False" />
            <line number="56" hits="0" branch="False" />
            <line number="57" hits="0" branch="False" />
            <line number="58" hits="0" branch="True" condition-coverage="0% (0/2)">
              <conditions>
                <condition number="353" type="jump" coverage="0%" />
              </conditions>
            </line>
            <line number="59" hits="0" branch="False" />
            <line number="60" hits="0" branch="False" />
            <line number="62" hits="0" branch="False" />
            <line number="63" hits="0" branch="False" />
            <line number="64" hits="0" branch="False" />
            <line number="65" hits="0" branch="False" />
            <line number="66" hits="0" branch="False" />
            <line number="67" hits="0" branch="False" />
            <line number="69" hits="0" branch="False" />
            <line number="70" hits="0" branch="False" />
            <line number="71" hits="0" branch="True" condition-coverage="0% (0/2)">
              <conditions>
                <condition number="449" type="jump" coverage="0%" />
              </conditions>
            </line>
            <line number="72" hits="0" branch="False" />
            <line number="73" hits="0" branch="False" />
            <line number="74" hits="0" branch="False" />
            <line number="75" hits="0" branch="False" />
            <line number="77" hits="0" branch="False" />
            <line number="79" hits="0" branch="True" condition-coverage="0% (0/2)">
              <conditions>
                <condition number="792" type="jump" coverage="0%" />
              </conditions>
            </line>
            <line number="80" hits="0" branch="False" />
            <line number="81" hits="0" branch="True" condition-coverage="0% (0/4)">
              <conditions>
                <condition number="561" type="switch" coverage="0%" />
              </conditions>
            </line>
            <line number="82" hits="0" branch="False" />
            <line number="83" hits="0" branch="False" />
            <line number="84" hits="0" branch="False" />
            <line number="85" hits="0" branch="False" />
            <line number="86" hits="0" branch="False" />
            <line number="87" hits="0" branch="False" />
            <line number="89" hits="0" branch="False" />
            <line number="90" hits="0" branch="False" />
            <line number="92" hits="0" branch="False" />
            <line number="93" hits="0" branch="False" />
            <line number="15" hits="0" branch="False" />
            <line number="16" hits="0" branch="False" />
            <line number="17" hits="0" branch="False" />
            <line number="18" hits="0" branch="False" />
          </lines>
        </class>
        <class name="gud.Commands.VersionCommand" filename="gud/Commands/VersionCommand.cs" line-rate="1" branch-rate="1" complexity="2">
          <methods>
            <method name="Execute" signature="(Spectre.Console.Cli.CommandContext,gud.Commands.VersionCommand/Settings,System.Threading.CancellationToken)" line-rate="1" branch-rate="1" complexity="1">
              <lines>
                <line number="21" hits="1" branch="False" />
                <line number="23" hits="1" branch="False" />
                <line number="24" hits="1" branch="False" />
                <line number="25" hits="1" branch="False" />
              </lines>
            </method>
            <method name=".ctor" signature="(Spectre.Console.IAnsiConsole)" line-rate="1" branch-rate="1" complexity="1">
              <lines>
                <line number="11" hits="1" branch="False" />
                <line number="12" hits="1" branch="False" />
                <line number="13" hits="1" branch="False" />
                <line number="14" hits="1" branch="False" />
              </lines>
            </method>
          </methods>
          <lines>
            <line number="21" hits="1" branch="False" />
            <line number="23" hits="1" branch="False" />
            <line number="24" hits="1" branch="False" />
            <line number="25" hits="1" branch="False" />
            <line number="11" hits="1" branch="False" />
            <line number="12" hits="1" branch="False" />
            <line number="13" hits="1" branch="False" />
            <line number="14" hits="1" branch="False" />
          </lines>
        </class>
      </classes>
    </package>
  </packages>
</coverage>